***
Isla - 9.5
Harper - 8.8
Bella - 8.0
Carter - 7.5
Daisy - 7.0
Ella - 5.5
Fiona - 5.0
Gavin - 5.0
Jayden - 2.6
Aiden - 2.5
***
Fiona - 10.0
Aiden - 9.5
Isla - 9.5
Harper - 8.8
Bella - 8.0
Carter - 7.5
Daisy - 7.0
Jayden - 5.6
Ella - 5.5
Gavin - 5.0
***
Mate1 (2)
Daisy - 7.0
Ella - 5.5
***
Mate2 (2)
Bella - 8.0
Carter - 7.5
***
Mate3 (2)
***
AI (3)
Harper - 8.8
Isla - 9.5
***
Management (2)
Gavin - 5.0
Jayden - 5.6
***
Student Licenta: Aiden - 9.5 - null
***
Student Licenta: Daisy - 7.0 - Mate1
***
Student Master: Isla - 9.5 - AI
